2023-08-20 23:44:31.638 - app - ERROR - _connect:76 - (535, b'5.7.8 Username and Password not accepted. Learn more at\n5.7.8  https://support.google.com/mail/?p=BadCredentials q6-20020a170902a3c600b001bf095dfb76sm5477754plb.237 - gsmtp')
2023-08-20 23:44:31.640 - app - INFO - _connect:78 - 
	Type: Mail Sender 
	Connection to server: (smtp.gmail.com, 465) 
	Username : ashishsingh50899@gmail.com 
	Connected (status): False

2023-08-20 23:44:31.641 - app - ERROR - retry:42 - Function send_all raised ConnectionError. Retrying (1/3)...
2023-08-20 23:44:33.928 - app - ERROR - _connect:76 - (535, b'5.7.8 Username and Password not accepted. Learn more at\n5.7.8  https://support.google.com/mail/?p=BadCredentials q6-20020a170902a3c600b001bf095dfb76sm5477754plb.237 - gsmtp')
2023-08-20 23:44:33.928 - app - INFO - _connect:78 - 
	Type: Mail Sender 
	Connection to server: (smtp.gmail.com, 465) 
	Username : ashishsingh50899@gmail.com 
	Connected (status): False

2023-08-20 23:44:33.929 - app - ERROR - retry:42 - Function send_all raised ConnectionError. Retrying (2/3)...
2023-08-20 23:44:36.230 - app - ERROR - _connect:76 - (535, b'5.7.8 Username and Password not accepted. Learn more at\n5.7.8  https://support.google.com/mail/?p=BadCredentials q6-20020a170902a3c600b001bf095dfb76sm5477754plb.237 - gsmtp')
2023-08-20 23:44:36.231 - app - INFO - _connect:78 - 
	Type: Mail Sender 
	Connection to server: (smtp.gmail.com, 465) 
	Username : ashishsingh50899@gmail.com 
	Connected (status): False

2023-08-20 23:44:36.231 - app - ERROR - retry:42 - Function send_all raised ConnectionError. Retrying (3/3)...
2023-08-20 23:44:36.232 - app - ERROR - exceptions:23 - send_all error : Not connected to any server. Try self.connect() first
