2023-08-20 16:22:57.464 - app - INFO - timer:56 - ---> Calling function set_message()
2023-08-20 16:22:57.466 - app - INFO - timer:56 - ---> Calling function _build_part()
2023-08-20 16:22:57.468 - app - INFO - timer:67 - ---> Completed function _build_part(): Took 0.00036268499979996704 secs
2023-08-20 16:22:57.472 - app - INFO - timer:67 - ---> Completed function set_message(): Took 0.005511105000095995 secs
2023-08-20 16:22:57.472 - app - INFO - timer:56 - ---> Calling function send_all()
2023-08-20 16:22:57.473 - app - INFO - timer:56 - ---> Calling function _connect()
2023-08-20 16:22:58.157 - app - INFO - timer:56 - ---> Calling function __str__()
2023-08-20 16:22:58.159 - app - INFO - timer:67 - ---> Completed function __str__(): Took 2.3396999949909514e-05 secs
2023-08-20 16:22:58.160 - app - INFO - timer:56 - ---> Calling function __str__()
2023-08-20 16:22:58.161 - app - INFO - timer:67 - ---> Completed function __str__(): Took 1.3829000181431184e-05 secs
2023-08-20 16:22:58.157 - app - INFO - _connect:84 - 
	Type: Mail Sender 
	Connection to server: (smtp.gmail.com, 465) 
	Username : ashishsingh50899@gmail.com 
	Connected (status): True

2023-08-20 16:22:58.162 - app - INFO - timer:67 - ---> Completed function _connect(): Took 0.6888300840000738 secs
2023-08-20 16:22:58.163 - app - INFO - timer:56 - ---> Calling function _send_email()
2023-08-20 16:22:58.164 - app - INFO - timer:56 - ---> Calling function _validate_recipients()
2023-08-20 16:22:58.201 - app - INFO - _validate_recipients:69 - ashishsingh0794@gmail.com is a valid email address
2023-08-20 16:22:58.202 - app - INFO - timer:67 - ---> Completed function _validate_recipients(): Took 0.03663140200023918 secs
2023-08-20 16:22:58.202 - app - INFO - _send_email:94 - Sending to ashishsingh0794@gmail.com
2023-08-20 16:23:00.840 - app - INFO - _send_email:96 - Email sent successfully to ashishsingh0794@gmail.com
2023-08-20 16:23:00.840 - app - INFO - timer:67 - ---> Completed function _send_email(): Took 2.6760288990003573 secs
2023-08-20 16:23:00.841 - app - INFO - timer:56 - ---> Calling function _send_email()
2023-08-20 16:23:00.841 - app - INFO - timer:56 - ---> Calling function _validate_recipients()
2023-08-20 16:23:00.843 - app - INFO - _validate_recipients:69 - ashishsingh94@hotmail.com is a valid email address
2023-08-20 16:23:00.844 - app - INFO - timer:67 - ---> Completed function _validate_recipients(): Took 0.0020795239997823955 secs
2023-08-20 16:23:00.844 - app - INFO - _send_email:94 - Sending to ashishsingh94@hotmail.com
2023-08-20 16:23:03.104 - app - INFO - _send_email:96 - Email sent successfully to ashishsingh94@hotmail.com
2023-08-20 16:23:03.105 - app - INFO - timer:67 - ---> Completed function _send_email(): Took 2.26391387700005 secs
2023-08-20 16:23:03.106 - app - INFO - timer:56 - ---> Calling function _disconnect()
2023-08-20 16:23:03.108 - app - INFO - timer:56 - ---> Calling function __str__()
2023-08-20 16:23:03.108 - app - INFO - timer:67 - ---> Completed function __str__(): Took 6.146000032458687e-06 secs
2023-08-20 16:23:03.109 - app - INFO - timer:56 - ---> Calling function __str__()
2023-08-20 16:23:03.109 - app - INFO - timer:67 - ---> Completed function __str__(): Took 4.259999968780903e-06 secs
2023-08-20 16:23:03.107 - app - INFO - _disconnect:89 - 
	Type: Mail Sender 
	Connection to server: (smtp.gmail.com, 465) 
	Username : ashishsingh50899@gmail.com 
	Connected (status): False

2023-08-20 16:23:03.110 - app - INFO - timer:67 - ---> Completed function _disconnect(): Took 0.0032898040003601636 secs
2023-08-20 16:23:03.110 - app - INFO - timer:67 - ---> Completed function send_all(): Took 5.637136143999669 secs
