2023-08-20 16:22:44.784 - app - INFO - timer:56 - ---> Calling function set_message()
2023-08-20 16:22:44.785 - app - INFO - timer:56 - ---> Calling function _build_part()
2023-08-20 16:22:44.786 - app - INFO - timer:67 - ---> Completed function _build_part(): Took 0.00015637499973308877 secs
2023-08-20 16:22:44.788 - app - INFO - timer:67 - ---> Completed function set_message(): Took 0.0025529780000397295 secs
2023-08-20 16:22:44.788 - app - INFO - timer:56 - ---> Calling function send_all()
2023-08-20 16:22:44.789 - app - INFO - timer:56 - ---> Calling function _connect()
2023-08-20 16:22:45.498 - app - INFO - timer:56 - ---> Calling function __str__()
2023-08-20 16:22:45.499 - app - INFO - timer:67 - ---> Completed function __str__(): Took 1.0896000276261475e-05 secs
2023-08-20 16:22:45.500 - app - INFO - timer:56 - ---> Calling function __str__()
2023-08-20 16:22:45.502 - app - INFO - timer:67 - ---> Completed function __str__(): Took 1.955599964276189e-05 secs
2023-08-20 16:22:45.498 - app - INFO - _connect:84 - 
	Type: Mail Sender 
	Connection to server: (smtp.gmail.com, 465) 
	Username : ashishsingh50899@gmail.com 
	Connected (status): True

2023-08-20 16:22:45.503 - app - INFO - timer:67 - ---> Completed function _connect(): Took 0.713948081000126 secs
2023-08-20 16:22:45.504 - app - INFO - timer:56 - ---> Calling function _send_email()
2023-08-20 16:22:45.505 - app - INFO - timer:56 - ---> Calling function _validate_recipients()
2023-08-20 16:22:45.538 - app - INFO - _validate_recipients:69 - ashishsingh0794@gmail.com is a valid email address
2023-08-20 16:22:45.538 - app - INFO - timer:67 - ---> Completed function _validate_recipients(): Took 0.03211581400000796 secs
2023-08-20 16:22:45.539 - app - INFO - _send_email:94 - Sending to ashishsingh0794@gmail.com
2023-08-20 16:22:49.455 - app - INFO - _send_email:96 - Email sent successfully to ashishsingh0794@gmail.com
2023-08-20 16:22:49.455 - app - INFO - timer:67 - ---> Completed function _send_email(): Took 3.950326207999751 secs
2023-08-20 16:22:49.456 - app - INFO - timer:56 - ---> Calling function _send_email()
2023-08-20 16:22:49.456 - app - INFO - timer:56 - ---> Calling function _validate_recipients()
2023-08-20 16:22:49.459 - app - INFO - _validate_recipients:69 - ashishsingh94@hotmail.com is a valid email address
2023-08-20 16:22:49.461 - app - INFO - timer:67 - ---> Completed function _validate_recipients(): Took 0.003616729999976087 secs
2023-08-20 16:22:49.462 - app - INFO - _send_email:94 - Sending to ashishsingh94@hotmail.com
2023-08-20 16:22:51.844 - app - INFO - _send_email:96 - Email sent successfully to ashishsingh94@hotmail.com
2023-08-20 16:22:51.845 - app - INFO - timer:67 - ---> Completed function _send_email(): Took 2.3885737860000518 secs
2023-08-20 16:22:51.845 - app - INFO - timer:56 - ---> Calling function _disconnect()
2023-08-20 16:22:51.846 - app - INFO - timer:56 - ---> Calling function __str__()
2023-08-20 16:22:51.846 - app - INFO - timer:67 - ---> Completed function __str__(): Took 7.193999863375211e-06 secs
2023-08-20 16:22:51.847 - app - INFO - timer:56 - ---> Calling function __str__()
2023-08-20 16:22:51.848 - app - INFO - timer:67 - ---> Completed function __str__(): Took 5.238000085228123e-06 secs
2023-08-20 16:22:51.846 - app - INFO - _disconnect:89 - 
	Type: Mail Sender 
	Connection to server: (smtp.gmail.com, 465) 
	Username : ashishsingh50899@gmail.com 
	Connected (status): False

2023-08-20 16:22:51.848 - app - INFO - timer:67 - ---> Completed function _disconnect(): Took 0.0024065910001809243 secs
2023-08-20 16:22:51.848 - app - INFO - timer:67 - ---> Completed function send_all(): Took 7.059702158999698 secs
