2023-08-20 16:19:43.407 - app - INFO - timer:56 - ---> Calling function set_message()
2023-08-20 16:19:43.408 - app - INFO - timer:56 - ---> Calling function _build_part()
2023-08-20 16:19:43.409 - app - INFO - timer:67 - ---> Completed function _build_part(): Took 0.00010413300014988636 secs
2023-08-20 16:19:43.415 - app - INFO - timer:67 - ---> Completed function set_message(): Took 0.007030013999610674 secs
2023-08-20 16:19:43.416 - app - INFO - timer:56 - ---> Calling function send_all()
2023-08-20 16:19:43.417 - app - INFO - timer:56 - ---> Calling function _connect()
2023-08-20 16:19:44.159 - app - INFO - timer:56 - ---> Calling function __str__()
2023-08-20 16:19:44.160 - app - INFO - timer:67 - ---> Completed function __str__(): Took 9.568000223225681e-06 secs
2023-08-20 16:19:44.161 - app - INFO - timer:56 - ---> Calling function __str__()
2023-08-20 16:19:44.161 - app - INFO - timer:67 - ---> Completed function __str__(): Took 5.587000032392098e-06 secs
2023-08-20 16:19:44.159 - app - INFO - _connect:84 - 
	Type: Mail Sender 
	Connection to server: (smtp.gmail.com, 465) 
	Username : ashishsingh50899@gmail.com 
	Connected (status): True

2023-08-20 16:19:44.162 - app - INFO - timer:67 - ---> Completed function _connect(): Took 0.7444873009999355 secs
2023-08-20 16:19:44.163 - app - INFO - timer:56 - ---> Calling function _send_email()
2023-08-20 16:19:44.163 - app - INFO - timer:56 - ---> Calling function _validate_recipients()
2023-08-20 16:19:44.206 - app - INFO - _validate_recipients:69 - ashishsingh0794@gmail.com is a valid email address
2023-08-20 16:19:44.207 - app - INFO - timer:67 - ---> Completed function _validate_recipients(): Took 0.04311881900002845 secs
2023-08-20 16:19:44.207 - app - INFO - _send_email:94 - Sending to ashishsingh0794@gmail.com
2023-08-20 16:19:47.007 - app - INFO - _send_email:96 - Email sent successfully to ashishsingh0794@gmail.com
2023-08-20 16:19:47.008 - app - INFO - timer:67 - ---> Completed function _send_email(): Took 2.8446464349999587 secs
2023-08-20 16:19:47.009 - app - INFO - timer:56 - ---> Calling function _send_email()
2023-08-20 16:19:47.010 - app - INFO - timer:56 - ---> Calling function _validate_recipients()
2023-08-20 16:19:47.021 - app - INFO - _validate_recipients:69 - ashishsingh94@hotmail.com is a valid email address
2023-08-20 16:19:47.021 - app - INFO - timer:67 - ---> Completed function _validate_recipients(): Took 0.011121036999611533 secs
2023-08-20 16:19:47.022 - app - INFO - _send_email:94 - Sending to ashishsingh94@hotmail.com
2023-08-20 16:19:49.659 - app - INFO - _send_email:96 - Email sent successfully to ashishsingh94@hotmail.com
2023-08-20 16:19:49.659 - app - INFO - timer:67 - ---> Completed function _send_email(): Took 2.6498606420000215 secs
2023-08-20 16:19:49.660 - app - INFO - timer:56 - ---> Calling function _disconnect()
2023-08-20 16:19:49.661 - app - INFO - timer:56 - ---> Calling function __str__()
2023-08-20 16:19:49.661 - app - INFO - timer:67 - ---> Completed function __str__(): Took 7.683000148972496e-06 secs
2023-08-20 16:19:49.662 - app - INFO - timer:56 - ---> Calling function __str__()
2023-08-20 16:19:49.662 - app - INFO - timer:67 - ---> Completed function __str__(): Took 7.263000043167267e-06 secs
2023-08-20 16:19:49.661 - app - INFO - _disconnect:89 - 
	Type: Mail Sender 
	Connection to server: (smtp.gmail.com, 465) 
	Username : ashishsingh50899@gmail.com 
	Connected (status): False

2023-08-20 16:19:49.663 - app - INFO - timer:67 - ---> Completed function _disconnect(): Took 0.0022293339998213924 secs
2023-08-20 16:19:49.663 - app - INFO - timer:67 - ---> Completed function send_all(): Took 6.245686639000269 secs
