2023-08-20 23:51:21.359 - app - ERROR - _connect:76 - (535, b'5.7.8 Username and Password not accepted. Learn more at\n5.7.8  https://support.google.com/mail/?p=BadCredentials a16-20020a170902b59000b001bba3650448sm5401224pls.258 - gsmtp')
2023-08-20 23:51:21.360 - app - INFO - _connect:78 - 
	Type: Mail Sender 
	Connection to server: (smtp.gmail.com, 465) 
	Username : ashishsingh50899@gmail.com 
	Connected (status): False

2023-08-20 23:51:21.361 - app - ERROR - retry:42 - Function send_all raised ConnectionError. Retrying (1/3)...
2023-08-20 23:51:23.662 - app - ERROR - _connect:76 - (535, b'5.7.8 Username and Password not accepted. Learn more at\n5.7.8  https://support.google.com/mail/?p=BadCredentials a16-20020a170902b59000b001bba3650448sm5401224pls.258 - gsmtp')
2023-08-20 23:51:23.664 - app - INFO - _connect:78 - 
	Type: Mail Sender 
	Connection to server: (smtp.gmail.com, 465) 
	Username : ashishsingh50899@gmail.com 
	Connected (status): False

2023-08-20 23:51:23.665 - app - ERROR - retry:42 - Function send_all raised ConnectionError. Retrying (2/3)...
2023-08-20 23:51:25.969 - app - ERROR - _connect:76 - (535, b'5.7.8 Username and Password not accepted. Learn more at\n5.7.8  https://support.google.com/mail/?p=BadCredentials a16-20020a170902b59000b001bba3650448sm5401224pls.258 - gsmtp')
2023-08-20 23:51:25.970 - app - INFO - _connect:78 - 
	Type: Mail Sender 
	Connection to server: (smtp.gmail.com, 465) 
	Username : ashishsingh50899@gmail.com 
	Connected (status): False

2023-08-20 23:51:25.971 - app - ERROR - retry:42 - Function send_all raised ConnectionError. Retrying (3/3)...
