2023-08-20 23:55:48.468 - app - ERROR - _connect:76 - (535, b'5.7.8 Username and Password not accepted. Learn more at\n5.7.8  https://support.google.com/mail/?p=BadCredentials m15-20020a170902bb8f00b001b89466a5f4sm1949536pls.105 - gsmtp')
2023-08-20 23:55:48.469 - app - INFO - _connect:78 - 
	Type: Mail Sender 
	Connection to server: (smtp.gmail.com, 465) 
	Username : ashishsingh50899@gmail.com 
	Connected (status): False

2023-08-20 23:55:48.469 - app - ERROR - retry:43 - Function send_all raised ConnectionError. Retrying (1/3)...
2023-08-20 23:55:50.877 - app - ERROR - _connect:76 - (535, b'5.7.8 Username and Password not accepted. Learn more at\n5.7.8  https://support.google.com/mail/?p=BadCredentials m15-20020a170902bb8f00b001b89466a5f4sm1949536pls.105 - gsmtp')
2023-08-20 23:55:50.878 - app - INFO - _connect:78 - 
	Type: Mail Sender 
	Connection to server: (smtp.gmail.com, 465) 
	Username : ashishsingh50899@gmail.com 
	Connected (status): False

2023-08-20 23:55:50.879 - app - ERROR - retry:43 - Function send_all raised ConnectionError. Retrying (2/3)...
2023-08-20 23:55:53.312 - app - ERROR - _connect:76 - (535, b'5.7.8 Username and Password not accepted. Learn more at\n5.7.8  https://support.google.com/mail/?p=BadCredentials m15-20020a170902bb8f00b001b89466a5f4sm1949536pls.105 - gsmtp')
2023-08-20 23:55:53.313 - app - INFO - _connect:78 - 
	Type: Mail Sender 
	Connection to server: (smtp.gmail.com, 465) 
	Username : ashishsingh50899@gmail.com 
	Connected (status): False

2023-08-20 23:55:53.314 - app - ERROR - retry:43 - Function send_all raised ConnectionError. Retrying (3/3)...
