2023-08-20 23:47:55.570 - app - ERROR - _connect:76 - (535, b'5.7.8 Username and Password not accepted. Learn more at\n5.7.8  https://support.google.com/mail/?p=BadCredentials fe17-20020a056a002f1100b006889348ba6asm4654649pfb.81 - gsmtp')
2023-08-20 23:47:55.572 - app - INFO - _connect:78 - 
	Type: Mail Sender 
	Connection to server: (smtp.gmail.com, 465) 
	Username : ashishsingh50899@gmail.com 
	Connected (status): False

2023-08-20 23:47:55.573 - app - ERROR - retry:42 - Function send_all raised ConnectionError. Retrying (1/3)...
2023-08-20 23:47:58.129 - app - ERROR - _connect:76 - (535, b'5.7.8 Username and Password not accepted. Learn more at\n5.7.8  https://support.google.com/mail/?p=BadCredentials fe17-20020a056a002f1100b006889348ba6asm4654649pfb.81 - gsmtp')
2023-08-20 23:47:58.131 - app - INFO - _connect:78 - 
	Type: Mail Sender 
	Connection to server: (smtp.gmail.com, 465) 
	Username : ashishsingh50899@gmail.com 
	Connected (status): False

2023-08-20 23:47:58.132 - app - ERROR - retry:42 - Function send_all raised ConnectionError. Retrying (2/3)...
2023-08-20 23:48:00.505 - app - ERROR - _connect:76 - (535, b'5.7.8 Username and Password not accepted. Learn more at\n5.7.8  https://support.google.com/mail/?p=BadCredentials fe17-20020a056a002f1100b006889348ba6asm4654649pfb.81 - gsmtp')
2023-08-20 23:48:00.507 - app - INFO - _connect:78 - 
	Type: Mail Sender 
	Connection to server: (smtp.gmail.com, 465) 
	Username : ashishsingh50899@gmail.com 
	Connected (status): False

2023-08-20 23:48:00.508 - app - ERROR - retry:42 - Function send_all raised ConnectionError. Retrying (3/3)...
